<?xml version="1.0" encoding="UTF-8"?>
<!-- Generated by org.testng.reporters.JUnitReportReporter -->
<testsuite hostname="Gowthami-Allu-C02D5HZSMD6M.local" failures="0" tests="1" name="Driver.DriverLoginFlow" time="46.420" errors="0" timestamp="2024-09-25T17:35:40 IST" skipped="0">
  <testcase classname="Driver.DriverLoginFlow" name="successfulDriverLogin" time="46.420"/>
  <system-out/>
</testsuite> <!-- Driver.DriverLoginFlow -->
