<?xml version="1.0" encoding="UTF-8"?>
<!-- Generated by org.testng.reporters.JUnitReportReporter -->
<testsuite hostname="Gowthami-Allu-C02D5HZSMD6M.local" failures="0" tests="1" name="TestSuite.Android" time="77.580" errors="0" timestamp="2024-08-30T17:22:05 IST" skipped="0">
  <testcase classname="TestSuite.Android" name="sanityrideFlow" time="77.580"/>
  <system-out/>
</testsuite> <!-- TestSuite.Android -->
