<?xml version="1.0" encoding="UTF-8"?>
<!-- Generated by org.testng.reporters.JUnitReportReporter -->
<testsuite hostname="Gowthami-Allu-C02D5HZSMD6M.local" failures="0" tests="1" name="TestSuite.Android" time="0.006" errors="0" timestamp="2024-09-16T17:43:46 IST" skipped="0">
  <testcase classname="TestSuite.Android" name="sanityrideFlow" time="0.006"/>
  <system-out/>
</testsuite> <!-- TestSuite.Android -->
